[1A[2K[2m[WebServer] [22m[dotenv@17.2.2] injecting env (19) from .env -- tip: ⚙️  override existing env vars with { override: true }

[1A[2K[2m[WebServer] [22m🚫 Rate limiting disabled for test environment

[1A[2K[2m[WebServer] [22m[33mListening on port 3001...[39m

[1A[2K[2m[WebServer] [22m[34m[1m  __  __                                                              _       _ _                           [22m[39m
[2m[WebServer] [22m[34m[1m |  \/  | __ _ _ __   __ _  __ _  ___   _   _  ___  _   _ _ __    ___(_)_   _(_) |   ___ __ _ ___  ___  ___ [22m[39m
[2m[WebServer] [22m[34m[1m | |\/| |/ _` | '_ \ / _` |/ _` |/ _ \ | | | |/ _ \| | | | '__|  / __| \ \ / / | |  / __/ _` / __|/ _ \/ __|[22m[39m
[2m[WebServer] [22m[34m[1m | |  | | (_| | | | | (_| | (_| |  __/ | |_| | (_) | |_| | |    | (__| |\ V /| | | | (_| (_| \__ \  __/\__ \[22m[39m
[2m[WebServer] [22m[34m[1m |_|  |_|\__,_|_| |_|\__,_|\__, |\___|  \__, |\___/ \__,_|_|     \___|_| \_/ |_|_|  \___\__,_|___/\___||___/[22m[39m
[2m[WebServer] [22m[34m[1m                           |___/        |___/                                                               [22m[39m

[1A[2K[2m[WebServer] [22m[32mServer is running at:[39m
[2m[WebServer] [22m[36m[4mhttp://localhost:3001[24m[39m

[1A[2K[2m[WebServer] [22m[0mGET / [36m302[0m 0.962 ms - 32[0m

[1A[2K[2m[WebServer] [22m[0mGET /cases/new [32m200[0m 75.720 ms - 172944[0m


Running 1 test using 1 worker

[1A[2K[1/1] [chromium] › tests/e2e/search.spec.ts:141:1 › POST /search/ should process valid search and display results
[1A[2K[chromium] › tests/e2e/search.spec.ts:141:1 › POST /search/ should process valid search and display results
  [38;5;45;1mpw:api [0m=> browserType.launch started [38;5;45m+0ms[0m

[1A[2K  [38;5;45;1mpw:api [0m<= browserType.launch succeeded [38;5;45m+95ms[0m

[1A[2K  [38;5;45;1mpw:api [0m=> browser.newContext started [38;5;45m+1ms[0m

[1A[2K  [38;5;45;1mpw:api [0m<= browser.newContext succeeded [38;5;45m+3ms[0m

[1A[2K  [38;5;45;1mpw:api [0m=> browserContext.newPage started [38;5;45m+1ms[0m

[1A[2K  [38;5;45;1mpw:api [0m<= browserContext.newPage succeeded [38;5;45m+32ms[0m

[1A[2K✅ i18next initialized for worker

[1A[2K  [38;5;45;1mpw:api [0m=> page.goto started [38;5;45m+3ms[0m

[1A[2K  [38;5;45;1mpw:api [0mnavigating to "http://localhost:3001/search/", waiting until "load" [38;5;45m+1ms[0m

[1A[2K[2m[WebServer] [22m[0mGET /search/ [32m200[0m 15.484 ms - -[0m

[1A[2K  [38;5;45;1mpw:api [0m  "commit" event fired [38;5;45m+46ms[0m

[1A[2K  [38;5;45;1mpw:api [0m  navigated to "http://localhost:3001/search/" [38;5;45m+0ms[0m

[1A[2K  [38;5;45;1mpw:api [0m  "domcontentloaded" event fired [38;5;45m+30ms[0m

[1A[2K  [38;5;45;1mpw:api [0m  "load" event fired [38;5;45m+0ms[0m

[1A[2K  [38;5;45;1mpw:api [0m<= page.goto succeeded [38;5;45m+0ms[0m

[1A[2K  [38;5;45;1mpw:api [0m=> page.waitForLoadState started [38;5;45m+1ms[0m

[1A[2K  [38;5;45;1mpw:api [0m  "networkidle" event fired [38;5;45m+500ms[0m

[1A[2K  [38;5;45;1mpw:api [0m<= page.waitForLoadState succeeded [38;5;45m+3ms[0m

[1A[2K  [38;5;45;1mpw:api [0m=> expect.toBeVisible started [38;5;45m+6ms[0m

[1A[2K  [38;5;45;1mpw:api [0mExpect "toBeVisible" with timeout 5000ms [38;5;45m+1ms[0m

[1A[2K  [38;5;45;1mpw:api [0mwaiting for locator('#searchKeyword') [38;5;45m+2ms[0m

[1A[2K  [38;5;45;1mpw:api [0m  locator resolved to <input value="" type="text" id="searchKeyword" name="searchKeyword" class="govuk-input govuk-!-width-two-thirds"/> [38;5;45m+21ms[0m

[1A[2K  [38;5;45;1mpw:api [0m<= expect.toBeVisible succeeded [38;5;45m+0ms[0m

[1A[2K  [38;5;45;1mpw:api [0m=> locator.fill started [38;5;45m+1ms[0m

[1A[2K  [38;5;45;1mpw:api [0mwaiting for locator('#searchKeyword') [38;5;45m+0ms[0m

[1A[2K  [38;5;45;1mpw:api [0m  locator resolved to <input value="" type="text" id="searchKeyword" name="searchKeyword" class="govuk-input govuk-!-width-two-thirds"/> [38;5;45m+2ms[0m

[1A[2K  [38;5;45;1mpw:api [0m  fill("John") [38;5;45m+1ms[0m

[1A[2K  [38;5;45;1mpw:api [0mattempting fill action [38;5;45m+0ms[0m

[1A[2K  [38;5;45;1mpw:api [0m  waiting for element to be visible, enabled and editable [38;5;45m+0ms[0m

[1A[2K  [38;5;45;1mpw:api [0m<= locator.fill succeeded [38;5;45m+17ms[0m

[1A[2K  [38;5;45;1mpw:api [0m=> expect.toHaveValue started [38;5;45m+1ms[0m

[1A[2K  [38;5;45;1mpw:api [0mExpect "toHaveValue" with timeout 5000ms [38;5;45m+1ms[0m

[1A[2K  [38;5;45;1mpw:api [0mwaiting for locator('#searchKeyword') [38;5;45m+0ms[0m

[1A[2K  [38;5;45;1mpw:api [0m  locator resolved to <input value="" type="text" id="searchKeyword" name="searchKeyword" class="govuk-input govuk-!-width-two-thirds"/> [38;5;45m+1ms[0m

[1A[2K  [38;5;45;1mpw:api [0m<= expect.toHaveValue succeeded [38;5;45m+0ms[0m

[1A[2K  [38;5;45;1mpw:api [0m=> expect.toBeVisible started [38;5;45m+1ms[0m

[1A[2K  [38;5;45;1mpw:api [0mExpect "toBeVisible" with timeout 5000ms [38;5;45m+0ms[0m

[1A[2K  [38;5;45;1mpw:api [0mwaiting for locator('button[type="submit"]') [38;5;45m+0ms[0m

[1A[2K  [38;5;45;1mpw:api [0m  locator resolved to <button type="submit" class="govuk-button" data-govuk-button-init="" data-module="govuk-button">↵  Search↵</button> [38;5;45m+1ms[0m

[1A[2K  [38;5;45;1mpw:api [0m<= expect.toBeVisible succeeded [38;5;45m+0ms[0m

[1A[2K  [38;5;45;1mpw:api [0m=> locator.click started [38;5;45m+1ms[0m

[1A[2K  [38;5;45;1mpw:api [0mwaiting for locator('button[type="submit"]') [38;5;45m+0ms[0m

[1A[2K  [38;5;45;1mpw:api [0m  locator resolved to <button type="submit" class="govuk-button" data-govuk-button-init="" data-module="govuk-button">↵  Search↵</button> [38;5;45m+1ms[0m

[1A[2K  [38;5;45;1mpw:api [0mattempting click action [38;5;45m+1ms[0m

[1A[2K  [38;5;45;1mpw:api [0m  waiting for element to be visible, enabled and stable [38;5;45m+0ms[0m

[1A[2K  [38;5;45;1mpw:api [0m  element is visible, enabled and stable [38;5;45m+33ms[0m

[1A[2K  [38;5;45;1mpw:api [0m  scrolling into view if needed [38;5;45m+0ms[0m

[1A[2K  [38;5;45;1mpw:api [0m  done scrolling [38;5;45m+0ms[0m

[1A[2K  [38;5;45;1mpw:api [0m  performing click action [38;5;45m+2ms[0m

[1A[2K  [38;5;45;1mpw:api [0m  click action done [38;5;45m+3ms[0m

[1A[2K  [38;5;45;1mpw:api [0m  waiting for scheduled navigations to finish [38;5;45m+0ms[0m

[1A[2K[2m[WebServer] [22m[0mPOST /search [32m200[0m 5.219 ms - -[0m

[1A[2K  [38;5;45;1mpw:api [0m  "commit" event fired [38;5;45m+66ms[0m

[1A[2K  [38;5;45;1mpw:api [0m  navigated to "http://localhost:3001/search" [38;5;45m+0ms[0m

[1A[2K  [38;5;45;1mpw:api [0m  navigated to "http://localhost:3001/search" [38;5;45m+0ms[0m

[1A[2K  [38;5;45;1mpw:api [0m  navigations have finished [38;5;45m+0ms[0m

[1A[2K  [38;5;45;1mpw:api [0m<= locator.click succeeded [38;5;45m+1ms[0m

[1A[2K  [38;5;45;1mpw:api [0m=> page.waitForLoadState started [38;5;45m+0ms[0m

[1A[2K  [38;5;45;1mpw:api [0m  "domcontentloaded" event fired [38;5;45m+10ms[0m

[1A[2K  [38;5;45;1mpw:api [0m  "load" event fired [38;5;45m+0ms[0m

[1A[2K  [38;5;45;1mpw:api [0m  "networkidle" event fired [38;5;45m+501ms[0m

[1A[2K  [38;5;45;1mpw:api [0m<= page.waitForLoadState succeeded [38;5;45m+2ms[0m

[1A[2K  [38;5;45;1mpw:api [0m=> expect.toHaveURL started [38;5;45m+3ms[0m

[1A[2K  [38;5;45;1mpw:api [0mExpect "toHaveURL" with timeout 5000ms [38;5;45m+1ms[0m

[1A[2K  [38;5;45;1mpw:api [0m<= expect.toHaveURL succeeded [38;5;45m+13ms[0m

[1A[2K  [38;5;45;1mpw:api [0m=> expect.toHaveValue started [38;5;45m+1ms[0m

[1A[2K  [38;5;45;1mpw:api [0mExpect "toHaveValue" with timeout 5000ms [38;5;45m+1ms[0m

[1A[2K  [38;5;45;1mpw:api [0mwaiting for locator('#searchKeyword') [38;5;45m+0ms[0m

[1A[2K  [38;5;45;1mpw:api [0m  locator resolved to <input type="text" value="John" id="searchKeyword" name="searchKeyword" class="govuk-input govuk-!-width-two-thirds"/> [38;5;45m+2ms[0m

[1A[2K  [38;5;45;1mpw:api [0m<= expect.toHaveValue succeeded [38;5;45m+0ms[0m

[1A[2K  [38;5;45;1mpw:api [0m=> expect.toBeVisible started [38;5;45m+1ms[0m

[1A[2K  [38;5;45;1mpw:api [0mExpect "toBeVisible" with timeout 5000ms [38;5;45m+0ms[0m

[1A[2K  [38;5;45;1mpw:api [0mwaiting for locator('main') [38;5;45m+0ms[0m

[1A[2K  [38;5;45;1mpw:api [0m  locator resolved to <main id="main-content" class="govuk-main-wrapper">…</main> [38;5;45m+1ms[0m

[1A[2K  [38;5;45;1mpw:api [0m<= expect.toBeVisible succeeded [38;5;45m+0ms[0m

[1A[2K  [38;5;45;1mpw:api [0m=> expect.toBeVisible started [38;5;45m+3ms[0m

[1A[2K  [38;5;45;1mpw:api [0mExpect "toBeVisible" with timeout 5000ms [38;5;45m+1ms[0m

[1A[2K  [38;5;45;1mpw:api [0mwaiting for getByRole('heading', { name: 'Search for a case' }) [38;5;45m+0ms[0m

[1A[2K  [38;5;45;1mpw:api [0m  locator resolved to <h1 class="govuk-heading-xl">Search for a case</h1> [38;5;45m+4ms[0m

[1A[2K  [38;5;45;1mpw:api [0m<= expect.toBeVisible succeeded [38;5;45m+0ms[0m

[1A[2K  [38;5;45;1mpw:api [0m=> browserContext.close started [38;5;45m+3ms[0m

[1A[2K  [38;5;45;1mpw:api [0m<= browserContext.close succeeded [38;5;45m+3ms[0m

[1A[2K  [38;5;45;1mpw:api [0m=> browser.close started [38;5;45m+5ms[0m

[1A[2K  [38;5;45;1mpw:api [0m<= browser.close succeeded [38;5;45m+22ms[0m

[1A[2K  1 passed (3.0s)
